------------------------------------------------------------------------------------------------------------------------

[2016-10-09 19:38:46 #1 store] 
Database 'D:\Fisiere\eclipse\Workspace\BloodyBank\WebContent\WEB-INF\db\BloodyBank.odb' is opened by 5820@lenovo-PC

[2016-10-09 19:38:46 #2 type] 
Type entitati.Centru is not enhanced.

[2016-10-09 19:38:46 #3 type] 
Type entitati.Angajat is not enhanced.

[2016-10-09 19:38:46 #4 type] 
Type entitati.Utilizator is not enhanced.

[2016-10-09 19:38:46 #5 type] 
Type entitati.Spital is not enhanced.

[2016-10-09 19:38:46 #6 type] 
Type entitati.PersoanaContact is not enhanced.

[2016-10-09 19:38:46 #7 type] 
Type entitati.Donator is not enhanced.

[2016-10-09 19:38:46 #8 type] 
Type entitati.Donatie is not enhanced.

[2016-10-09 19:38:46 #9 type] 
Type entitati.Cerere is not enhanced.

[2016-10-09 19:38:46 #10 type] 
Type entitati.CerereGrupa is not enhanced.

------------------------------------------------------------------------------------------------------------------------

[2016-10-09 19:38:57 #1 store] 
Database 'D:\Fisiere\eclipse\Workspace\BloodyBank\WebContent\WEB-INF\db\BloodyBank.odb' has been recovered (tr. 214-215)

[2016-10-09 19:38:57 #2 store] 
Database 'D:\Fisiere\eclipse\Workspace\BloodyBank\WebContent\WEB-INF\db\BloodyBank.odb' is opened by 5448@lenovo-PC

[2016-10-09 19:38:58 #3 type] 
Type entitati.Centru is not enhanced.

[2016-10-09 19:38:58 #4 type] 
Type entitati.Angajat is not enhanced.

[2016-10-09 19:38:58 #5 type] 
Type entitati.Utilizator is not enhanced.

[2016-10-09 19:38:58 #6 type] 
Type entitati.Spital is not enhanced.

[2016-10-09 19:38:58 #7 type] 
Type entitati.PersoanaContact is not enhanced.

[2016-10-09 19:38:58 #8 type] 
Type entitati.Donator is not enhanced.

[2016-10-09 19:38:58 #9 type] 
Type entitati.Donatie is not enhanced.

[2016-10-09 19:38:58 #10 type] 
Type entitati.Cerere is not enhanced.

[2016-10-09 19:38:58 #11 type] 
Type entitati.CerereGrupa is not enhanced.

------------------------------------------------------------------------------------------------------------------------

[2016-10-09 19:39:14 #1 store] 
Database 'D:\Fisiere\eclipse\Workspace\BloodyBank\WebContent\WEB-INF\db\BloodyBank.odb' is opened by 5988@lenovo-PC

[2016-10-09 19:39:14 #2 type] 
Type entitati.Centru is not enhanced.

[2016-10-09 19:39:14 #3 type] 
Type entitati.Angajat is not enhanced.

[2016-10-09 19:39:14 #4 type] 
Type entitati.Utilizator is not enhanced.

[2016-10-09 19:39:14 #5 type] 
Type entitati.Spital is not enhanced.

[2016-10-09 19:39:14 #6 type] 
Type entitati.PersoanaContact is not enhanced.

[2016-10-09 19:39:14 #7 type] 
Type entitati.Donator is not enhanced.

[2016-10-09 19:39:14 #8 type] 
Type entitati.Donatie is not enhanced.

[2016-10-09 19:39:14 #9 type] 
Type entitati.Cerere is not enhanced.

[2016-10-09 19:39:14 #10 type] 
Type entitati.CerereGrupa is not enhanced.

------------------------------------------------------------------------------------------------------------------------

[2016-10-09 19:39:26 #1 store] 
Database 'D:\Fisiere\eclipse\Workspace\BloodyBank\WebContent\WEB-INF\db\BloodyBank.odb' is opened by 4592@lenovo-PC

[2016-10-09 19:39:27 #2 type] 
Type entitati.Centru is not enhanced.

[2016-10-09 19:39:27 #3 type] 
Type entitati.Angajat is not enhanced.

[2016-10-09 19:39:27 #4 type] 
Type entitati.Utilizator is not enhanced.

[2016-10-09 19:39:27 #5 type] 
Type entitati.Spital is not enhanced.

[2016-10-09 19:39:27 #6 type] 
Type entitati.PersoanaContact is not enhanced.

[2016-10-09 19:39:27 #7 type] 
Type entitati.Donator is not enhanced.

[2016-10-09 19:39:27 #8 type] 
Type entitati.Donatie is not enhanced.

[2016-10-09 19:39:27 #9 type] 
Type entitati.Cerere is not enhanced.

[2016-10-09 19:39:27 #10 type] 
Type entitati.CerereGrupa is not enhanced.

------------------------------------------------------------------------------------------------------------------------

[2016-10-09 19:40:38 #1 store] 
Database 'D:\Fisiere\eclipse\Workspace\BloodyBank\WebContent\WEB-INF\db\BloodyBank.odb' is opened by 7012@lenovo-PC

[2016-10-09 19:40:39 #2 type] 
Type entitati.Centru is not enhanced.

[2016-10-09 19:40:39 #3 type] 
Type entitati.Angajat is not enhanced.

[2016-10-09 19:40:39 #4 type] 
Type entitati.Utilizator is not enhanced.

[2016-10-09 19:40:39 #5 type] 
Type entitati.Spital is not enhanced.

[2016-10-09 19:40:39 #6 type] 
Type entitati.PersoanaContact is not enhanced.

[2016-10-09 19:40:39 #7 type] 
Type entitati.Donator is not enhanced.

[2016-10-09 19:40:39 #8 type] 
Type entitati.Donatie is not enhanced.

[2016-10-09 19:40:39 #9 type] 
Type entitati.Cerere is not enhanced.

[2016-10-09 19:40:39 #10 type] 
Type entitati.CerereGrupa is not enhanced.

------------------------------------------------------------------------------------------------------------------------

[2016-10-09 19:45:14 #1 store] 
Database 'D:\Fisiere\eclipse\Workspace\BloodyBank\WebContent\WEB-INF\db\BloodyBank.odb' is opened by 5680@lenovo-PC

[2016-10-09 19:45:15 #2 type] 
Type entitati.Centru is not enhanced.

[2016-10-09 19:45:15 #3 type] 
Type entitati.Angajat is not enhanced.

[2016-10-09 19:45:15 #4 type] 
Type entitati.Utilizator is not enhanced.

[2016-10-09 19:45:15 #5 type] 
Type entitati.Spital is not enhanced.

[2016-10-09 19:45:15 #6 type] 
Type entitati.PersoanaContact is not enhanced.

[2016-10-09 19:45:15 #7 type] 
Type entitati.Donator is not enhanced.

[2016-10-09 19:45:15 #8 type] 
Type entitati.Donatie is not enhanced.

[2016-10-09 19:45:15 #9 type] 
Type entitati.Cerere is not enhanced.

[2016-10-09 19:45:15 #10 type] 
Type entitati.CerereGrupa is not enhanced.

------------------------------------------------------------------------------------------------------------------------

[2016-10-09 19:46:46 #1 store] 
Database 'D:\Fisiere\eclipse\Workspace\BloodyBank\WebContent\WEB-INF\db\BloodyBank.odb' is opened by 5448@lenovo-PC

[2016-10-09 19:46:46 #2 type] 
Type entitati.Centru is not enhanced.

[2016-10-09 19:46:46 #3 type] 
Type entitati.Angajat is not enhanced.

[2016-10-09 19:46:46 #4 type] 
Type entitati.Utilizator is not enhanced.

[2016-10-09 19:46:46 #5 type] 
Type entitati.Spital is not enhanced.

[2016-10-09 19:46:46 #6 type] 
Type entitati.PersoanaContact is not enhanced.

[2016-10-09 19:46:47 #7 type] 
Type entitati.Donator is not enhanced.

[2016-10-09 19:46:47 #8 type] 
Type entitati.Donatie is not enhanced.

[2016-10-09 19:46:47 #9 type] 
Type entitati.Cerere is not enhanced.

[2016-10-09 19:46:47 #10 type] 
Type entitati.CerereGrupa is not enhanced.

------------------------------------------------------------------------------------------------------------------------

[2016-10-09 19:48:31 #1 store] 
Database 'D:\Fisiere\eclipse\Workspace\BloodyBank\WebContent\WEB-INF\db\BloodyBank.odb' is opened by 4572@lenovo-PC

[2016-10-09 19:48:32 #2 type] 
Type entitati.Centru is not enhanced.

[2016-10-09 19:48:32 #3 type] 
Type entitati.Angajat is not enhanced.

[2016-10-09 19:48:32 #4 type] 
Type entitati.Utilizator is not enhanced.

[2016-10-09 19:48:32 #5 type] 
Type entitati.Spital is not enhanced.

[2016-10-09 19:48:32 #6 type] 
Type entitati.PersoanaContact is not enhanced.

[2016-10-09 19:48:32 #7 type] 
Type entitati.Donator is not enhanced.

[2016-10-09 19:48:32 #8 type] 
Type entitati.Donatie is not enhanced.

[2016-10-09 19:48:32 #9 type] 
Type entitati.Cerere is not enhanced.

[2016-10-09 19:48:32 #10 type] 
Type entitati.CerereGrupa is not enhanced.

------------------------------------------------------------------------------------------------------------------------

[2016-10-09 21:20:06 #1 store] 
Database 'D:\Fisiere\eclipse\Workspace\BloodyBank\WebContent\WEB-INF\db\BloodyBank.odb' is opened by 6696@lenovo-PC

[2016-10-09 21:20:06 #2 type] 
Type entitati.Centru is not enhanced.

[2016-10-09 21:20:06 #3 type] 
Type entitati.Angajat is not enhanced.

[2016-10-09 21:20:06 #4 type] 
Type entitati.Utilizator is not enhanced.

[2016-10-09 21:20:06 #5 type] 
Type entitati.Spital is not enhanced.

[2016-10-09 21:20:06 #6 type] 
Type entitati.PersoanaContact is not enhanced.

[2016-10-09 21:20:06 #7 type] 
Type entitati.Donator is not enhanced.

[2016-10-09 21:20:06 #8 type] 
Type entitati.Donatie is not enhanced.

[2016-10-09 21:20:06 #9 type] 
Type entitati.Cerere is not enhanced.

[2016-10-09 21:20:06 #10 type] 
Type entitati.CerereGrupa is not enhanced.

------------------------------------------------------------------------------------------------------------------------

[2016-10-09 21:21:35 #1 store] 
Database 'D:\Fisiere\eclipse\Workspace\BloodyBank\WebContent\WEB-INF\db\BloodyBank.odb' is opened by 4516@lenovo-PC

[2016-10-09 21:21:35 #2 type] 
Type entitati.Centru is not enhanced.

[2016-10-09 21:21:35 #3 type] 
Type entitati.Angajat is not enhanced.

[2016-10-09 21:21:35 #4 type] 
Type entitati.Utilizator is not enhanced.

[2016-10-09 21:21:35 #5 type] 
Type entitati.Spital is not enhanced.

[2016-10-09 21:21:35 #6 type] 
Type entitati.PersoanaContact is not enhanced.

[2016-10-09 21:21:35 #7 type] 
Type entitati.Donator is not enhanced.

[2016-10-09 21:21:35 #8 type] 
Type entitati.Donatie is not enhanced.

[2016-10-09 21:21:35 #9 type] 
Type entitati.Cerere is not enhanced.

[2016-10-09 21:21:35 #10 type] 
Type entitati.CerereGrupa is not enhanced.

------------------------------------------------------------------------------------------------------------------------

[2016-10-09 21:22:21 #1 store] 
Database 'D:\Fisiere\eclipse\Workspace\BloodyBank\WebContent\WEB-INF\db\BloodyBank.odb' is opened by 6640@lenovo-PC

[2016-10-09 21:22:21 #2 type] 
Type entitati.Centru is not enhanced.

[2016-10-09 21:22:22 #3 type] 
Type entitati.Angajat is not enhanced.

[2016-10-09 21:22:22 #4 type] 
Type entitati.Utilizator is not enhanced.

[2016-10-09 21:22:22 #5 type] 
Type entitati.Spital is not enhanced.

[2016-10-09 21:22:22 #6 type] 
Type entitati.PersoanaContact is not enhanced.

[2016-10-09 21:22:22 #7 type] 
Type entitati.Donator is not enhanced.

[2016-10-09 21:22:22 #8 type] 
Type entitati.Donatie is not enhanced.

[2016-10-09 21:22:22 #9 type] 
Type entitati.Cerere is not enhanced.

[2016-10-09 21:22:22 #10 type] 
Type entitati.CerereGrupa is not enhanced.

------------------------------------------------------------------------------------------------------------------------

[2016-10-09 21:22:40 #1 store] 
Database 'D:\Fisiere\eclipse\Workspace\BloodyBank\WebContent\WEB-INF\db\BloodyBank.odb' has been recovered (tr. 221-221)

[2016-10-09 21:22:40 #2 store] 
Database 'D:\Fisiere\eclipse\Workspace\BloodyBank\WebContent\WEB-INF\db\BloodyBank.odb' is opened by 5812@lenovo-PC

[2016-10-09 21:22:41 #3 type] 
Type entitati.Centru is not enhanced.

[2016-10-09 21:22:41 #4 type] 
Type entitati.Angajat is not enhanced.

[2016-10-09 21:22:41 #5 type] 
Type entitati.Utilizator is not enhanced.

[2016-10-09 21:22:41 #6 type] 
Type entitati.Spital is not enhanced.

[2016-10-09 21:22:41 #7 type] 
Type entitati.PersoanaContact is not enhanced.

[2016-10-09 21:22:41 #8 type] 
Type entitati.Donator is not enhanced.

[2016-10-09 21:22:41 #9 type] 
Type entitati.Donatie is not enhanced.

[2016-10-09 21:22:41 #10 type] 
Type entitati.Cerere is not enhanced.

[2016-10-09 21:22:41 #11 type] 
Type entitati.CerereGrupa is not enhanced.

