------------------------------------------------------------------------------------------------------------------------

[2016-08-18 14:00:45 #1 store] 
Database 'D:\Fisiere\eclipse\Workspace\BloodyBank\WebContent\WEB-INF\db\BloodyBank.odb' is opened by 5340@lenovo-PC

[2016-08-18 14:00:45 #2 type] 
Type entitati.Centru is not enhanced.

[2016-08-18 14:00:45 #3 type] 
Type entitati.Angajat is not enhanced.

[2016-08-18 14:00:45 #4 type] 
Type entitati.Utilizator is not enhanced.

------------------------------------------------------------------------------------------------------------------------

[2016-08-18 14:01:50 #1 store] 
Database 'D:\Fisiere\eclipse\Workspace\BloodyBank\WebContent\WEB-INF\db\BloodyBank.odb' has been recovered (tr. 17-17)

[2016-08-18 14:01:50 #2 store] 
Database 'D:\Fisiere\eclipse\Workspace\BloodyBank\WebContent\WEB-INF\db\BloodyBank.odb' is opened by 6436@lenovo-PC

[2016-08-18 14:01:51 #3 type] 
Type entitati.Centru is not enhanced.

[2016-08-18 14:01:51 #4 type] 
Type entitati.Angajat is not enhanced.

[2016-08-18 14:01:51 #5 type] 
Type entitati.Utilizator is not enhanced.

------------------------------------------------------------------------------------------------------------------------

[2016-08-18 14:04:17 #1 store] 
Database 'D:\Fisiere\eclipse\Workspace\BloodyBank\WebContent\WEB-INF\db\BloodyBank.odb' is opened by 6156@lenovo-PC

[2016-08-18 14:04:18 #2 type] 
Type entitati.Centru is not enhanced.

[2016-08-18 14:04:18 #3 type] 
Type entitati.Angajat is not enhanced.

[2016-08-18 14:04:18 #4 type] 
Type entitati.Utilizator is not enhanced.

------------------------------------------------------------------------------------------------------------------------

[2016-08-18 14:05:55 #1 store] 
Database 'D:\Fisiere\eclipse\Workspace\BloodyBank\WebContent\WEB-INF\db\BloodyBank.odb' has been recovered (tr. 18-18)

[2016-08-18 14:05:56 #2 store] 
Database 'D:\Fisiere\eclipse\Workspace\BloodyBank\WebContent\WEB-INF\db\BloodyBank.odb' is opened by 6708@lenovo-PC

[2016-08-18 14:05:56 #3 type] 
Type entitati.Centru is not enhanced.

[2016-08-18 14:05:56 #4 type] 
Type entitati.Angajat is not enhanced.

[2016-08-18 14:05:56 #5 type] 
Type entitati.Utilizator is not enhanced.

[2016-08-18 14:05:56 #6 type.registry] 
New type java.util.ArrayList<java.lang.Object>

[2016-08-18 14:05:56 #7 type.registry] 
New type java.util.ArrayList<entitati.Angajat>

------------------------------------------------------------------------------------------------------------------------

[2016-08-18 14:07:30 #1 store] 
Database 'D:\Fisiere\eclipse\Workspace\BloodyBank\WebContent\WEB-INF\db\BloodyBank.odb' is opened by 6944@lenovo-PC

[2016-08-18 14:07:31 #2 type] 
Type entitati.Centru is not enhanced.

[2016-08-18 14:07:31 #3 type] 
Type entitati.Angajat is not enhanced.

[2016-08-18 14:07:31 #4 type] 
Type entitati.Utilizator is not enhanced.

------------------------------------------------------------------------------------------------------------------------

[2016-08-18 14:08:08 #1 store] 
Database 'D:\Fisiere\eclipse\Workspace\BloodyBank\WebContent\WEB-INF\db\BloodyBank.odb' is opened by 4996@lenovo-PC

[2016-08-18 14:08:08 #2 type] 
Type entitati.Centru is not enhanced.

[2016-08-18 14:08:08 #3 type] 
Type entitati.Angajat is not enhanced.

[2016-08-18 14:08:08 #4 type] 
Type entitati.Utilizator is not enhanced.

------------------------------------------------------------------------------------------------------------------------

[2016-08-18 14:08:26 #1 store] 
Database 'D:\Fisiere\eclipse\Workspace\BloodyBank\WebContent\WEB-INF\db\BloodyBank.odb' is opened by 6156@lenovo-PC

[2016-08-18 14:08:26 #2 type] 
Type entitati.Centru is not enhanced.

[2016-08-18 14:08:26 #3 type] 
Type entitati.Angajat is not enhanced.

[2016-08-18 14:08:26 #4 type] 
Type entitati.Utilizator is not enhanced.

------------------------------------------------------------------------------------------------------------------------

[2016-08-18 14:08:46 #1 store] 
Database 'D:\Fisiere\eclipse\Workspace\BloodyBank\WebContent\WEB-INF\db\BloodyBank.odb' is opened by 6276@lenovo-PC

[2016-08-18 14:08:46 #2 type] 
Type entitati.Centru is not enhanced.

[2016-08-18 14:08:46 #3 type] 
Type entitati.Angajat is not enhanced.

[2016-08-18 14:08:46 #4 type] 
Type entitati.Utilizator is not enhanced.

------------------------------------------------------------------------------------------------------------------------

[2016-08-18 14:08:59 #1 store] 
Database 'D:\Fisiere\eclipse\Workspace\BloodyBank\WebContent\WEB-INF\db\BloodyBank.odb' is opened by 6232@lenovo-PC

[2016-08-18 14:08:59 #2 type] 
Type entitati.Centru is not enhanced.

[2016-08-18 14:08:59 #3 type] 
Type entitati.Angajat is not enhanced.

[2016-08-18 14:08:59 #4 type] 
Type entitati.Utilizator is not enhanced.

------------------------------------------------------------------------------------------------------------------------

[2016-08-18 14:10:35 #1 store] 
Database 'D:\Fisiere\eclipse\Workspace\BloodyBank\WebContent\WEB-INF\db\BloodyBank.odb' is opened by 6820@lenovo-PC

[2016-08-18 14:10:36 #2 type] 
Type entitati.Centru is not enhanced.

[2016-08-18 14:10:36 #3 type] 
Type entitati.Angajat is not enhanced.

[2016-08-18 14:10:36 #4 type] 
Type entitati.Utilizator is not enhanced.

------------------------------------------------------------------------------------------------------------------------

[2016-08-18 14:15:18 #1 store] 
Database 'D:\Fisiere\eclipse\Workspace\BloodyBank\WebContent\WEB-INF\db\BloodyBank.odb' is opened by 5776@lenovo-PC

[2016-08-18 14:15:18 #2 type] 
Type entitati.Centru is not enhanced.

[2016-08-18 14:15:18 #3 type] 
Type entitati.Angajat is not enhanced.

[2016-08-18 14:15:18 #4 type] 
Type entitati.Utilizator is not enhanced.

------------------------------------------------------------------------------------------------------------------------

[2016-08-18 14:20:32 #1 store] 
Database 'D:\Fisiere\eclipse\Workspace\BloodyBank\WebContent\WEB-INF\db\BloodyBank.odb' is opened by 4996@lenovo-PC

[2016-08-18 14:20:32 #2 type] 
Type entitati.Centru is not enhanced.

[2016-08-18 14:20:32 #3 type] 
Type entitati.Angajat is not enhanced.

[2016-08-18 14:20:32 #4 type] 
Type entitati.Utilizator is not enhanced.

------------------------------------------------------------------------------------------------------------------------

[2016-08-18 14:24:28 #1 store] 
Database 'D:\Fisiere\eclipse\Workspace\BloodyBank\WebContent\WEB-INF\db\BloodyBank.odb' is opened by 1300@lenovo-PC

[2016-08-18 14:24:29 #2 type] 
Type entitati.Centru is not enhanced.

[2016-08-18 14:24:29 #3 type] 
Type entitati.Angajat is not enhanced.

[2016-08-18 14:24:29 #4 type] 
Type entitati.Utilizator is not enhanced.

------------------------------------------------------------------------------------------------------------------------

[2016-08-18 14:25:20 #1 store] 
Database 'D:\Fisiere\eclipse\Workspace\BloodyBank\WebContent\WEB-INF\db\BloodyBank.odb' is opened by 5740@lenovo-PC

[2016-08-18 14:25:21 #2 type] 
Type entitati.Centru is not enhanced.

[2016-08-18 14:25:21 #3 type] 
Type entitati.Angajat is not enhanced.

[2016-08-18 14:25:21 #4 type] 
Type entitati.Utilizator is not enhanced.

------------------------------------------------------------------------------------------------------------------------

[2016-08-18 14:38:25 #1 store] 
Database 'D:\Fisiere\eclipse\Workspace\BloodyBank\WebContent\WEB-INF\db\BloodyBank.odb' is opened by 1860@lenovo-PC

[2016-08-18 14:38:25 #2 type] 
Type entitati.Centru is not enhanced.

[2016-08-18 14:38:25 #3 type] 
Type entitati.Angajat is not enhanced.

[2016-08-18 14:38:25 #4 type] 
Type entitati.Utilizator is not enhanced.

------------------------------------------------------------------------------------------------------------------------

[2016-08-18 19:28:30 #1 store] 
Database 'D:\Fisiere\eclipse\Workspace\BloodyBank\WebContent\WEB-INF\db\BloodyBank.odb' is opened by 4044@lenovo-PC

[2016-08-18 19:28:31 #2 type] 
Type entitati.Centru is not enhanced.

[2016-08-18 19:28:31 #3 type] 
Type entitati.Angajat is not enhanced.

[2016-08-18 19:28:31 #4 type] 
Type entitati.Utilizator is not enhanced.

[2016-08-18 19:28:31 #5 type.registry] 
New type entitati.Spital

[2016-08-18 19:28:31 #6 type] 
Type entitati.Spital is not enhanced.

[2016-08-18 19:28:31 #7 type.registry] 
New type entitati.PersoanaContact

[2016-08-18 19:28:31 #8 type] 
Type entitati.PersoanaContact is not enhanced.

[2016-08-18 19:28:31 #9 type.registry] 
New type java.util.ArrayList<entitati.PersoanaContact>

------------------------------------------------------------------------------------------------------------------------

[2016-08-18 20:11:47 #1 store] 
Database 'D:\Fisiere\eclipse\Workspace\BloodyBank\WebContent\WEB-INF\db\BloodyBank.odb' is opened by 6972@lenovo-PC

[2016-08-18 20:11:47 #2 type] 
Type entitati.Centru is not enhanced.

[2016-08-18 20:11:47 #3 type] 
Type entitati.Angajat is not enhanced.

[2016-08-18 20:11:47 #4 type] 
Type entitati.Utilizator is not enhanced.

[2016-08-18 20:11:47 #5 type] 
Type entitati.Spital is not enhanced.

[2016-08-18 20:11:47 #6 type] 
Type entitati.PersoanaContact is not enhanced.

------------------------------------------------------------------------------------------------------------------------

[2016-08-18 20:21:33 #1 store] 
Database 'D:\Fisiere\eclipse\Workspace\BloodyBank\WebContent\WEB-INF\db\BloodyBank.odb' is opened by 5456@lenovo-PC

[2016-08-18 20:21:33 #2 type] 
Type entitati.Centru is not enhanced.

[2016-08-18 20:21:33 #3 type] 
Type entitati.Angajat is not enhanced.

[2016-08-18 20:21:33 #4 type] 
Type entitati.Utilizator is not enhanced.

[2016-08-18 20:21:33 #5 type] 
Type entitati.Spital is not enhanced.

[2016-08-18 20:21:33 #6 type] 
Type entitati.PersoanaContact is not enhanced.

------------------------------------------------------------------------------------------------------------------------

[2016-08-18 20:24:01 #1 store] 
Database 'D:\Fisiere\eclipse\Workspace\BloodyBank\WebContent\WEB-INF\db\BloodyBank.odb' is opened by 3964@lenovo-PC

[2016-08-18 20:24:01 #2 type] 
Type entitati.Centru is not enhanced.

[2016-08-18 20:24:01 #3 type] 
Type entitati.Angajat is not enhanced.

[2016-08-18 20:24:01 #4 type] 
Type entitati.Utilizator is not enhanced.

[2016-08-18 20:24:01 #5 type] 
Type entitati.Spital is not enhanced.

[2016-08-18 20:24:01 #6 type] 
Type entitati.PersoanaContact is not enhanced.

------------------------------------------------------------------------------------------------------------------------

[2016-08-18 20:33:03 #1 store] 
Database 'D:\Fisiere\eclipse\Workspace\BloodyBank\WebContent\WEB-INF\db\BloodyBank.odb' is opened by 6796@lenovo-PC

[2016-08-18 20:33:03 #2 type] 
Type entitati.Centru is not enhanced.

[2016-08-18 20:33:03 #3 type] 
Type entitati.Angajat is not enhanced.

[2016-08-18 20:33:03 #4 type] 
Type entitati.Utilizator is not enhanced.

[2016-08-18 20:33:03 #5 type] 
Type entitati.Spital is not enhanced.

[2016-08-18 20:33:03 #6 type] 
Type entitati.PersoanaContact is not enhanced.

------------------------------------------------------------------------------------------------------------------------

[2016-08-18 20:39:57 #1 store] 
Database 'D:\Fisiere\eclipse\Workspace\BloodyBank\WebContent\WEB-INF\db\BloodyBank.odb' is opened by 3068@lenovo-PC

[2016-08-18 20:39:57 #2 type] 
Type entitati.Centru is not enhanced.

[2016-08-18 20:39:57 #3 type] 
Type entitati.Angajat is not enhanced.

[2016-08-18 20:39:57 #4 type] 
Type entitati.Utilizator is not enhanced.

[2016-08-18 20:39:57 #5 type] 
Type entitati.Spital is not enhanced.

[2016-08-18 20:39:57 #6 type] 
Type entitati.PersoanaContact is not enhanced.

------------------------------------------------------------------------------------------------------------------------

[2016-08-18 20:44:03 #1 store] 
Database 'D:\Fisiere\eclipse\Workspace\BloodyBank\WebContent\WEB-INF\db\BloodyBank.odb' is opened by 6064@lenovo-PC

[2016-08-18 20:44:03 #2 type] 
Type entitati.Centru is not enhanced.

[2016-08-18 20:44:03 #3 type] 
Type entitati.Angajat is not enhanced.

[2016-08-18 20:44:03 #4 type] 
Type entitati.Utilizator is not enhanced.

[2016-08-18 20:44:03 #5 type] 
Type entitati.Spital is not enhanced.

[2016-08-18 20:44:03 #6 type] 
Type entitati.PersoanaContact is not enhanced.

[2016-08-18 20:44:03 #7 type.registry] 
New type java.lang.Class

------------------------------------------------------------------------------------------------------------------------

[2016-08-18 20:45:08 #1 store] 
Database 'D:\Fisiere\eclipse\Workspace\BloodyBank\WebContent\WEB-INF\db\BloodyBank.odb' has been recovered (tr. 141-141)

[2016-08-18 20:45:08 #2 store] 
Database 'D:\Fisiere\eclipse\Workspace\BloodyBank\WebContent\WEB-INF\db\BloodyBank.odb' is opened by 1052@lenovo-PC

[2016-08-18 20:45:08 #3 type] 
Type entitati.Centru is not enhanced.

[2016-08-18 20:45:08 #4 type] 
Type entitati.Angajat is not enhanced.

[2016-08-18 20:45:08 #5 type] 
Type entitati.Utilizator is not enhanced.

[2016-08-18 20:45:08 #6 type] 
Type entitati.Spital is not enhanced.

[2016-08-18 20:45:08 #7 type] 
Type entitati.PersoanaContact is not enhanced.

------------------------------------------------------------------------------------------------------------------------

[2016-08-18 20:46:37 #1 store] 
Database 'D:\Fisiere\eclipse\Workspace\BloodyBank\WebContent\WEB-INF\db\BloodyBank.odb' is opened by 1372@lenovo-PC

[2016-08-18 20:46:37 #2 type] 
Type entitati.Centru is not enhanced.

[2016-08-18 20:46:37 #3 type] 
Type entitati.Angajat is not enhanced.

[2016-08-18 20:46:37 #4 type] 
Type entitati.Utilizator is not enhanced.

[2016-08-18 20:46:37 #5 type] 
Type entitati.Spital is not enhanced.

[2016-08-18 20:46:37 #6 type] 
Type entitati.PersoanaContact is not enhanced.

------------------------------------------------------------------------------------------------------------------------

[2016-08-18 20:51:20 #1 store] 
Database 'D:\Fisiere\eclipse\Workspace\BloodyBank\WebContent\WEB-INF\db\BloodyBank.odb' is opened by 5568@lenovo-PC

[2016-08-18 20:51:21 #2 type] 
Type entitati.Centru is not enhanced.

[2016-08-18 20:51:21 #3 type] 
Type entitati.Angajat is not enhanced.

[2016-08-18 20:51:21 #4 type] 
Type entitati.Utilizator is not enhanced.

[2016-08-18 20:51:21 #5 type] 
Type entitati.Spital is not enhanced.

[2016-08-18 20:51:21 #6 type] 
Type entitati.PersoanaContact is not enhanced.

------------------------------------------------------------------------------------------------------------------------

[2016-08-18 20:54:13 #1 store] 
Database 'D:\Fisiere\eclipse\Workspace\BloodyBank\WebContent\WEB-INF\db\BloodyBank.odb' is opened by 4076@lenovo-PC

[2016-08-18 20:54:14 #2 type] 
Type entitati.Centru is not enhanced.

[2016-08-18 20:54:14 #3 type] 
Type entitati.Angajat is not enhanced.

[2016-08-18 20:54:14 #4 type] 
Type entitati.Utilizator is not enhanced.

[2016-08-18 20:54:14 #5 type] 
Type entitati.Spital is not enhanced.

[2016-08-18 20:54:14 #6 type] 
Type entitati.PersoanaContact is not enhanced.

------------------------------------------------------------------------------------------------------------------------

[2016-08-18 20:57:08 #1 store] 
Database 'D:\Fisiere\eclipse\Workspace\BloodyBank\WebContent\WEB-INF\db\BloodyBank.odb' is opened by 7028@lenovo-PC

[2016-08-18 20:57:08 #2 type] 
Type entitati.Centru is not enhanced.

[2016-08-18 20:57:08 #3 type] 
Type entitati.Angajat is not enhanced.

[2016-08-18 20:57:08 #4 type] 
Type entitati.Utilizator is not enhanced.

[2016-08-18 20:57:08 #5 type] 
Type entitati.Spital is not enhanced.

[2016-08-18 20:57:08 #6 type] 
Type entitati.PersoanaContact is not enhanced.

