------------------------------------------------------------------------------------------------------------------------

[2016-09-17 16:34:22 #1 store] 
Database 'D:\Fisiere\eclipse\Workspace\BloodyBank\WebContent\WEB-INF\db\BloodyBank.odb' is opened by 3456@lenovo-PC

[2016-09-17 16:34:22 #2 type] 
Type entitati.Centru is not enhanced.

[2016-09-17 16:34:22 #3 type] 
Type entitati.Angajat is not enhanced.

[2016-09-17 16:34:22 #4 type] 
Type entitati.Utilizator is not enhanced.

[2016-09-17 16:34:22 #5 type] 
Type entitati.Spital is not enhanced.

[2016-09-17 16:34:22 #6 type] 
Type entitati.PersoanaContact is not enhanced.

[2016-09-17 16:34:22 #7 type] 
Type entitati.Donator is not enhanced.

------------------------------------------------------------------------------------------------------------------------

[2016-09-17 16:43:29 #1 store] 
Database 'D:\Fisiere\eclipse\Workspace\BloodyBank\WebContent\WEB-INF\db\BloodyBank.odb' is opened by 1668@lenovo-PC

[2016-09-17 16:43:30 #2 type] 
Type entitati.Centru is not enhanced.

[2016-09-17 16:43:30 #3 type] 
Type entitati.Angajat is not enhanced.

[2016-09-17 16:43:30 #4 type] 
Type entitati.Utilizator is not enhanced.

[2016-09-17 16:43:30 #5 type] 
Type entitati.Spital is not enhanced.

[2016-09-17 16:43:30 #6 type] 
Type entitati.PersoanaContact is not enhanced.

[2016-09-17 16:43:30 #7 type] 
Type entitati.Donator is not enhanced.

[2016-09-17 16:43:30 #8 type.registry] 
New type entitati.Donatie

[2016-09-17 16:43:30 #9 type] 
Type entitati.Donatie is not enhanced.

------------------------------------------------------------------------------------------------------------------------

[2016-09-17 16:46:40 #1 store] 
Database 'D:\Fisiere\eclipse\Workspace\BloodyBank\WebContent\WEB-INF\db\BloodyBank.odb' is opened by 5240@lenovo-PC

[2016-09-17 16:46:40 #2 type] 
Type entitati.Centru is not enhanced.

[2016-09-17 16:46:40 #3 type] 
Type entitati.Angajat is not enhanced.

[2016-09-17 16:46:40 #4 type] 
Type entitati.Utilizator is not enhanced.

[2016-09-17 16:46:40 #5 type] 
Type entitati.Spital is not enhanced.

[2016-09-17 16:46:40 #6 type] 
Type entitati.PersoanaContact is not enhanced.

[2016-09-17 16:46:40 #7 type] 
Type entitati.Donator is not enhanced.

[2016-09-17 16:46:40 #8 type] 
Type entitati.Donatie is not enhanced.

------------------------------------------------------------------------------------------------------------------------

[2016-09-17 17:01:19 #1 store] 
Database 'D:\Fisiere\eclipse\Workspace\BloodyBank\WebContent\WEB-INF\db\BloodyBank.odb' is opened by 3500@lenovo-PC

[2016-09-17 17:01:19 #2 type] 
Type entitati.Centru is not enhanced.

[2016-09-17 17:01:19 #3 type] 
Type entitati.Angajat is not enhanced.

[2016-09-17 17:01:19 #4 type] 
Type entitati.Utilizator is not enhanced.

[2016-09-17 17:01:19 #5 type] 
Type entitati.Spital is not enhanced.

[2016-09-17 17:01:19 #6 type] 
Type entitati.PersoanaContact is not enhanced.

[2016-09-17 17:01:19 #7 type] 
Type entitati.Donator is not enhanced.

[2016-09-17 17:01:19 #8 type] 
Type entitati.Donatie is not enhanced.

------------------------------------------------------------------------------------------------------------------------

[2016-09-17 17:02:09 #1 store] 
Database 'D:\Fisiere\eclipse\Workspace\BloodyBank\WebContent\WEB-INF\db\BloodyBank.odb' is opened by 5576@lenovo-PC

[2016-09-17 17:02:09 #2 type] 
Type entitati.Centru is not enhanced.

[2016-09-17 17:02:09 #3 type] 
Type entitati.Angajat is not enhanced.

[2016-09-17 17:02:09 #4 type] 
Type entitati.Utilizator is not enhanced.

[2016-09-17 17:02:09 #5 type] 
Type entitati.Spital is not enhanced.

[2016-09-17 17:02:09 #6 type] 
Type entitati.PersoanaContact is not enhanced.

[2016-09-17 17:02:09 #7 type] 
Type entitati.Donator is not enhanced.

[2016-09-17 17:02:09 #8 type] 
Type entitati.Donatie is not enhanced.

