------------------------------------------------------------------------------------------------------------------------

[2016-08-19 14:53:14 #1 store] 
Database 'D:\Fisiere\eclipse\Workspace\BloodyBank\WebContent\WEB-INF\db\BloodyBank.odb' is opened by 1640@lenovo-PC

[2016-08-19 14:53:14 #2 type] 
Type entitati.Centru is not enhanced.

[2016-08-19 14:53:14 #3 type] 
Type entitati.Angajat is not enhanced.

[2016-08-19 14:53:14 #4 type] 
Type entitati.Utilizator is not enhanced.

[2016-08-19 14:53:14 #5 type] 
Type entitati.Spital is not enhanced.

[2016-08-19 14:53:14 #6 type] 
Type entitati.PersoanaContact is not enhanced.

------------------------------------------------------------------------------------------------------------------------

[2016-08-19 14:56:06 #1 store] 
Database 'D:\Fisiere\eclipse\Workspace\BloodyBank\WebContent\WEB-INF\db\BloodyBank.odb' is opened by 5236@lenovo-PC

[2016-08-19 14:56:07 #2 type] 
Type entitati.Centru is not enhanced.

[2016-08-19 14:56:07 #3 type] 
Type entitati.Angajat is not enhanced.

[2016-08-19 14:56:07 #4 type] 
Type entitati.Utilizator is not enhanced.

[2016-08-19 14:56:07 #5 type] 
Type entitati.Spital is not enhanced.

[2016-08-19 14:56:07 #6 type] 
Type entitati.PersoanaContact is not enhanced.

------------------------------------------------------------------------------------------------------------------------

[2016-08-19 14:56:36 #1 store] 
Database 'D:\Fisiere\eclipse\Workspace\BloodyBank\WebContent\WEB-INF\db\BloodyBank.odb' is opened by 1996@lenovo-PC

[2016-08-19 14:56:36 #2 type] 
Type entitati.Centru is not enhanced.

[2016-08-19 14:56:36 #3 type] 
Type entitati.Angajat is not enhanced.

[2016-08-19 14:56:36 #4 type] 
Type entitati.Utilizator is not enhanced.

[2016-08-19 14:56:36 #5 type] 
Type entitati.Spital is not enhanced.

[2016-08-19 14:56:36 #6 type] 
Type entitati.PersoanaContact is not enhanced.

------------------------------------------------------------------------------------------------------------------------

[2016-08-19 15:02:06 #1 store] 
Database 'D:\Fisiere\eclipse\Workspace\BloodyBank\WebContent\WEB-INF\db\BloodyBank.odb' is opened by 6096@lenovo-PC

[2016-08-19 15:02:06 #2 type] 
Type entitati.Centru is not enhanced.

[2016-08-19 15:02:06 #3 type] 
Type entitati.Angajat is not enhanced.

[2016-08-19 15:02:06 #4 type] 
Type entitati.Utilizator is not enhanced.

[2016-08-19 15:02:06 #5 type] 
Type entitati.Spital is not enhanced.

[2016-08-19 15:02:06 #6 type] 
Type entitati.PersoanaContact is not enhanced.

------------------------------------------------------------------------------------------------------------------------

[2016-08-19 15:03:09 #1 store] 
Database 'D:\Fisiere\eclipse\Workspace\BloodyBank\WebContent\WEB-INF\db\BloodyBank.odb' is opened by 3340@lenovo-PC

[2016-08-19 15:03:10 #2 type] 
Type entitati.Centru is not enhanced.

[2016-08-19 15:03:10 #3 type] 
Type entitati.Angajat is not enhanced.

[2016-08-19 15:03:10 #4 type] 
Type entitati.Utilizator is not enhanced.

[2016-08-19 15:03:10 #5 type] 
Type entitati.Spital is not enhanced.

[2016-08-19 15:03:10 #6 type] 
Type entitati.PersoanaContact is not enhanced.

------------------------------------------------------------------------------------------------------------------------

[2016-08-19 15:03:21 #1 store] 
Database 'D:\Fisiere\eclipse\Workspace\BloodyBank\WebContent\WEB-INF\db\BloodyBank.odb' is opened by 3124@lenovo-PC

[2016-08-19 15:03:21 #2 type] 
Type entitati.Centru is not enhanced.

[2016-08-19 15:03:21 #3 type] 
Type entitati.Angajat is not enhanced.

[2016-08-19 15:03:21 #4 type] 
Type entitati.Utilizator is not enhanced.

[2016-08-19 15:03:21 #5 type] 
Type entitati.Spital is not enhanced.

[2016-08-19 15:03:21 #6 type] 
Type entitati.PersoanaContact is not enhanced.

[2016-08-19 15:03:21 #7 *] 
com.objectdb.o.UserException: Attempt to modify a primary key of a managed object: entitati.Utilizator#'alinac'
	at com.objectdb.o.MSG.d(MSG.java:62)
	at com.objectdb.o.OBC.newExceptionStateMismatch(OBC.java:1420)
	at com.objectdb.o.ENT.am(ENT.java:1662)
	at com.objectdb.o.ENT.X(ENT.java:850)
	at com.objectdb.o.ENT.W(ENT.java:822)
	at com.objectdb.o.STA.O(STA.java:445)
	at com.objectdb.o.STM.F(STM.java:452)
	at com.objectdb.o.STM.C(STM.java:345)
	at com.objectdb.o.OBM.bD(OBM.java:230)
	at com.objectdb.o.OBM.bN(OBM.java:777)
	at com.objectdb.o.QRR.f(QRR.java:139)
	at com.objectdb.jpa.JpaQuery.executeUpdate(JpaQuery.java:776)
	at mc.Main.main(Main.java:30)

------------------------------------------------------------------------------------------------------------------------

[2016-08-19 15:03:58 #1 store] 
Database 'D:\Fisiere\eclipse\Workspace\BloodyBank\WebContent\WEB-INF\db\BloodyBank.odb' is opened by 5032@lenovo-PC

[2016-08-19 15:03:58 #2 type] 
Type entitati.Centru is not enhanced.

[2016-08-19 15:03:58 #3 type] 
Type entitati.Angajat is not enhanced.

[2016-08-19 15:03:58 #4 type] 
Type entitati.Utilizator is not enhanced.

[2016-08-19 15:03:58 #5 type] 
Type entitati.Spital is not enhanced.

[2016-08-19 15:03:58 #6 type] 
Type entitati.PersoanaContact is not enhanced.

[2016-08-19 15:03:58 #7 *] 
com.objectdb.o.UserException: Attempt to modify a primary key of a managed object: entitati.Utilizator#'alinac'
	at com.objectdb.o.MSG.d(MSG.java:62)
	at com.objectdb.o.OBC.newExceptionStateMismatch(OBC.java:1420)
	at com.objectdb.o.ENT.am(ENT.java:1662)
	at com.objectdb.o.ENT.X(ENT.java:850)
	at com.objectdb.o.ENT.W(ENT.java:822)
	at com.objectdb.o.STA.O(STA.java:445)
	at com.objectdb.o.STM.F(STM.java:452)
	at com.objectdb.o.STM.C(STM.java:345)
	at com.objectdb.o.OBM.bD(OBM.java:230)
	at com.objectdb.o.OBM.bN(OBM.java:777)
	at com.objectdb.o.QRR.f(QRR.java:139)
	at com.objectdb.jpa.JpaQuery.executeUpdate(JpaQuery.java:776)
	at mc.Main.main(Main.java:30)

------------------------------------------------------------------------------------------------------------------------

[2016-08-19 15:04:17 #1 store] 
Database 'D:\Fisiere\eclipse\Workspace\BloodyBank\WebContent\WEB-INF\db\BloodyBank.odb' is opened by 5060@lenovo-PC

[2016-08-19 15:04:17 #2 type] 
Type entitati.Centru is not enhanced.

[2016-08-19 15:04:17 #3 type] 
Type entitati.Angajat is not enhanced.

[2016-08-19 15:04:17 #4 type] 
Type entitati.Utilizator is not enhanced.

[2016-08-19 15:04:17 #5 type] 
Type entitati.Spital is not enhanced.

[2016-08-19 15:04:17 #6 type] 
Type entitati.PersoanaContact is not enhanced.

[2016-08-19 15:04:18 #7 *] 
com.objectdb.o.UserException: Attempt to modify a primary key of a managed object: entitati.Utilizator#'alinac'
	at com.objectdb.o.MSG.d(MSG.java:62)
	at com.objectdb.o.OBC.newExceptionStateMismatch(OBC.java:1420)
	at com.objectdb.o.ENT.am(ENT.java:1662)
	at com.objectdb.o.ENT.X(ENT.java:850)
	at com.objectdb.o.ENT.W(ENT.java:822)
	at com.objectdb.o.STA.O(STA.java:445)
	at com.objectdb.o.STM.F(STM.java:452)
	at com.objectdb.o.STM.C(STM.java:345)
	at com.objectdb.o.OBM.bD(OBM.java:230)
	at com.objectdb.o.OBM.bN(OBM.java:777)
	at com.objectdb.o.QRR.f(QRR.java:139)
	at com.objectdb.jpa.JpaQuery.executeUpdate(JpaQuery.java:776)
	at mc.Main.main(Main.java:30)

------------------------------------------------------------------------------------------------------------------------

[2016-08-19 15:04:44 #1 store] 
Database 'D:\Fisiere\eclipse\Workspace\BloodyBank\WebContent\WEB-INF\db\BloodyBank.odb' is opened by 7028@lenovo-PC

[2016-08-19 15:04:44 #2 type] 
Type entitati.Centru is not enhanced.

[2016-08-19 15:04:44 #3 type] 
Type entitati.Angajat is not enhanced.

[2016-08-19 15:04:44 #4 type] 
Type entitati.Utilizator is not enhanced.

[2016-08-19 15:04:44 #5 type] 
Type entitati.Spital is not enhanced.

[2016-08-19 15:04:44 #6 type] 
Type entitati.PersoanaContact is not enhanced.

[2016-08-19 15:04:44 #7 *] 
com.objectdb.o.UserException: Attempt to modify a primary key of a managed object: entitati.Utilizator#'alinac'
	at com.objectdb.o.MSG.d(MSG.java:62)
	at com.objectdb.o.OBC.newExceptionStateMismatch(OBC.java:1420)
	at com.objectdb.o.ENT.am(ENT.java:1662)
	at com.objectdb.o.ENT.X(ENT.java:850)
	at com.objectdb.o.ENT.W(ENT.java:822)
	at com.objectdb.o.STA.O(STA.java:445)
	at com.objectdb.o.STM.F(STM.java:452)
	at com.objectdb.o.STM.C(STM.java:345)
	at com.objectdb.o.OBM.bD(OBM.java:230)
	at com.objectdb.o.OBM.bN(OBM.java:777)
	at com.objectdb.o.QRR.f(QRR.java:139)
	at com.objectdb.jpa.JpaQuery.executeUpdate(JpaQuery.java:776)
	at mc.Main.main(Main.java:30)

------------------------------------------------------------------------------------------------------------------------

[2016-08-19 15:06:10 #1 store] 
Database 'D:\Fisiere\eclipse\Workspace\BloodyBank\WebContent\WEB-INF\db\BloodyBank.odb' is opened by 1220@lenovo-PC

[2016-08-19 15:06:10 #2 type] 
Type entitati.Centru is not enhanced.

[2016-08-19 15:06:10 #3 type] 
Type entitati.Angajat is not enhanced.

[2016-08-19 15:06:10 #4 type] 
Type entitati.Utilizator is not enhanced.

[2016-08-19 15:06:10 #5 type] 
Type entitati.Spital is not enhanced.

[2016-08-19 15:06:10 #6 type] 
Type entitati.PersoanaContact is not enhanced.

------------------------------------------------------------------------------------------------------------------------

[2016-08-19 15:16:55 #1 store] 
Database 'D:\Fisiere\eclipse\Workspace\BloodyBank\WebContent\WEB-INF\db\BloodyBank.odb' is opened by 6932@lenovo-PC

[2016-08-19 15:16:55 #2 type] 
Type entitati.Centru is not enhanced.

[2016-08-19 15:16:55 #3 type] 
Type entitati.Angajat is not enhanced.

[2016-08-19 15:16:55 #4 type] 
Type entitati.Utilizator is not enhanced.

[2016-08-19 15:16:55 #5 type] 
Type entitati.Spital is not enhanced.

[2016-08-19 15:16:55 #6 type] 
Type entitati.PersoanaContact is not enhanced.

------------------------------------------------------------------------------------------------------------------------

[2016-08-19 15:20:46 #1 store] 
Database 'D:\Fisiere\eclipse\Workspace\BloodyBank\WebContent\WEB-INF\db\BloodyBank.odb' is opened by 6776@lenovo-PC

[2016-08-19 15:20:46 #2 type] 
Type entitati.Centru is not enhanced.

[2016-08-19 15:20:47 #3 type] 
Type entitati.Angajat is not enhanced.

[2016-08-19 15:20:47 #4 type] 
Type entitati.Utilizator is not enhanced.

[2016-08-19 15:20:47 #5 type] 
Type entitati.Spital is not enhanced.

[2016-08-19 15:20:47 #6 type] 
Type entitati.PersoanaContact is not enhanced.

------------------------------------------------------------------------------------------------------------------------

[2016-08-19 15:31:23 #1 store] 
Database 'D:\Fisiere\eclipse\Workspace\BloodyBank\WebContent\WEB-INF\db\BloodyBank.odb' is opened by 5860@lenovo-PC

[2016-08-19 15:31:24 #2 type] 
Type entitati.Centru is not enhanced.

[2016-08-19 15:31:24 #3 type] 
Type entitati.Angajat is not enhanced.

[2016-08-19 15:31:24 #4 type] 
Type entitati.Utilizator is not enhanced.

[2016-08-19 15:31:24 #5 type] 
Type entitati.Spital is not enhanced.

[2016-08-19 15:31:24 #6 type] 
Type entitati.PersoanaContact is not enhanced.

------------------------------------------------------------------------------------------------------------------------

[2016-08-19 15:31:39 #1 store] 
Database 'D:\Fisiere\eclipse\Workspace\BloodyBank\WebContent\WEB-INF\db\BloodyBank.odb' is opened by 5496@lenovo-PC

[2016-08-19 15:31:39 #2 type] 
Type entitati.Centru is not enhanced.

[2016-08-19 15:31:39 #3 type] 
Type entitati.Angajat is not enhanced.

[2016-08-19 15:31:39 #4 type] 
Type entitati.Utilizator is not enhanced.

[2016-08-19 15:31:39 #5 type] 
Type entitati.Spital is not enhanced.

[2016-08-19 15:31:39 #6 type] 
Type entitati.PersoanaContact is not enhanced.

------------------------------------------------------------------------------------------------------------------------

[2016-08-19 15:39:18 #1 store] 
Database 'D:\Fisiere\eclipse\Workspace\BloodyBank\WebContent\WEB-INF\db\BloodyBank.odb' is opened by 6752@lenovo-PC

[2016-08-19 15:39:18 #2 type] 
Type entitati.Centru is not enhanced.

[2016-08-19 15:39:18 #3 type] 
Type entitati.Angajat is not enhanced.

[2016-08-19 15:39:18 #4 type] 
Type entitati.Utilizator is not enhanced.

[2016-08-19 15:39:18 #5 type] 
Type entitati.Spital is not enhanced.

[2016-08-19 15:39:18 #6 type] 
Type entitati.PersoanaContact is not enhanced.

------------------------------------------------------------------------------------------------------------------------

[2016-08-19 16:09:13 #1 store] 
Database 'D:\Fisiere\eclipse\Workspace\BloodyBank\WebContent\WEB-INF\db\BloodyBank.odb' is opened by 1220@lenovo-PC

[2016-08-19 16:09:13 #2 type] 
Type entitati.Centru is not enhanced.

[2016-08-19 16:09:13 #3 type] 
Type entitati.Angajat is not enhanced.

[2016-08-19 16:09:13 #4 type] 
Type entitati.Utilizator is not enhanced.

[2016-08-19 16:09:13 #5 type] 
Type entitati.Spital is not enhanced.

[2016-08-19 16:09:13 #6 type] 
Type entitati.PersoanaContact is not enhanced.

------------------------------------------------------------------------------------------------------------------------

[2016-08-19 16:10:16 #1 store] 
Database 'D:\Fisiere\eclipse\Workspace\BloodyBank\WebContent\WEB-INF\db\BloodyBank.odb' is opened by 6448@lenovo-PC

[2016-08-19 16:10:16 #2 type] 
Type entitati.Centru is not enhanced.

[2016-08-19 16:10:16 #3 type] 
Type entitati.Angajat is not enhanced.

[2016-08-19 16:10:16 #4 type] 
Type entitati.Utilizator is not enhanced.

[2016-08-19 16:10:16 #5 type] 
Type entitati.Spital is not enhanced.

[2016-08-19 16:10:16 #6 type] 
Type entitati.PersoanaContact is not enhanced.

