------------------------------------------------------------------------------------------------------------------------

[2016-09-21 19:19:52 #1 store] 
Database 'D:\Fisiere\eclipse\Workspace\BloodyBank\WebContent\WEB-INF\db\BloodyBank.odb' is opened by 2220@lenovo-PC

[2016-09-21 19:19:52 #2 type] 
Type entitati.Centru is not enhanced.

[2016-09-21 19:19:52 #3 type] 
Type entitati.Angajat is not enhanced.

[2016-09-21 19:19:52 #4 type] 
Type entitati.Utilizator is not enhanced.

[2016-09-21 19:19:52 #5 type] 
Type entitati.Spital is not enhanced.

[2016-09-21 19:19:52 #6 type] 
Type entitati.PersoanaContact is not enhanced.

[2016-09-21 19:19:52 #7 type] 
Type entitati.Donator is not enhanced.

[2016-09-21 19:19:52 #8 type] 
Type entitati.Donatie is not enhanced.

------------------------------------------------------------------------------------------------------------------------

[2016-09-21 19:20:02 #1 store] 
Database 'D:\Fisiere\eclipse\Workspace\BloodyBank\WebContent\WEB-INF\db\BloodyBank.odb' is opened by 6976@lenovo-PC

[2016-09-21 19:20:03 #2 type] 
Type entitati.Centru is not enhanced.

[2016-09-21 19:20:03 #3 type] 
Type entitati.Angajat is not enhanced.

[2016-09-21 19:20:03 #4 type] 
Type entitati.Utilizator is not enhanced.

[2016-09-21 19:20:03 #5 type] 
Type entitati.Spital is not enhanced.

[2016-09-21 19:20:03 #6 type] 
Type entitati.PersoanaContact is not enhanced.

[2016-09-21 19:20:03 #7 type] 
Type entitati.Donator is not enhanced.

[2016-09-21 19:20:03 #8 type] 
Type entitati.Donatie is not enhanced.

------------------------------------------------------------------------------------------------------------------------

[2016-09-21 19:20:53 #1 store] 
Database 'D:\Fisiere\eclipse\Workspace\BloodyBank\WebContent\WEB-INF\db\BloodyBank.odb' is opened by 2384@lenovo-PC

[2016-09-21 19:20:54 #2 type] 
Type entitati.Centru is not enhanced.

[2016-09-21 19:20:54 #3 type] 
Type entitati.Angajat is not enhanced.

[2016-09-21 19:20:54 #4 type] 
Type entitati.Utilizator is not enhanced.

[2016-09-21 19:20:54 #5 type] 
Type entitati.Spital is not enhanced.

[2016-09-21 19:20:54 #6 type] 
Type entitati.PersoanaContact is not enhanced.

[2016-09-21 19:20:54 #7 type] 
Type entitati.Donator is not enhanced.

[2016-09-21 19:20:54 #8 type] 
Type entitati.Donatie is not enhanced.

[2016-09-21 19:20:54 #9 type.registry] 
New type entitati.Cerere

[2016-09-21 19:20:54 #10 type] 
Type entitati.Cerere is not enhanced.

[2016-09-21 19:20:54 #11 type.registry] 
New type entitati.CerereGrupa

[2016-09-21 19:20:54 #12 type] 
Type entitati.CerereGrupa is not enhanced.

[2016-09-21 19:20:54 #13 type.registry] 
New type java.util.ArrayList<entitati.CerereGrupa>

