------------------------------------------------------------------------------------------------------------------------

[2016-08-15 16:40:00 #1 store] 
Database 'D:\Fisiere\eclipse\Workspace\BloodyBank\WebContent\WEB-INF\db\BloodyBank.odb' is opened by 7820@lenovo-PC

[2016-08-15 16:40:01 #2 type.registry] 
New type entitati.Centru

[2016-08-15 16:40:01 #3 type] 
Type entitati.Centru is not enhanced.

[2016-08-15 16:40:01 #4 type.registry] 
New type entitati.Angajat

[2016-08-15 16:40:01 #5 type] 
Type entitati.Angajat is not enhanced.

[2016-08-15 16:40:01 #6 type.registry] 
New type entitati.Utilizator

[2016-08-15 16:40:01 #7 type] 
Type entitati.Utilizator is not enhanced.

------------------------------------------------------------------------------------------------------------------------

[2016-08-15 16:50:04 #1 store] 
Database 'D:\Fisiere\eclipse\Workspace\BloodyBank\WebContent\WEB-INF\db\BloodyBank.odb' is opened by 8028@lenovo-PC

[2016-08-15 16:50:04 #2 type] 
Type entitati.Centru is not enhanced.

[2016-08-15 16:50:04 #3 type] 
Type entitati.Angajat is not enhanced.

[2016-08-15 16:50:04 #4 type] 
Type entitati.Utilizator is not enhanced.

------------------------------------------------------------------------------------------------------------------------

[2016-08-15 16:50:42 #1 store] 
Database 'D:\Fisiere\eclipse\Workspace\BloodyBank\WebContent\WEB-INF\db\BloodyBank.odb' is opened by 6788@lenovo-PC

[2016-08-15 16:50:42 #2 type] 
Type entitati.Centru is not enhanced.

[2016-08-15 16:50:42 #3 type] 
Type entitati.Angajat is not enhanced.

[2016-08-15 16:50:42 #4 type] 
Type entitati.Utilizator is not enhanced.

------------------------------------------------------------------------------------------------------------------------

[2016-08-15 17:16:22 #1 store] 
Database 'D:\Fisiere\eclipse\Workspace\BloodyBank\WebContent\WEB-INF\db\BloodyBank.odb' is opened by 8120@lenovo-PC

[2016-08-15 17:16:22 #2 type] 
Type entitati.Centru is not enhanced.

[2016-08-15 17:16:22 #3 type] 
Type entitati.Angajat is not enhanced.

[2016-08-15 17:16:22 #4 type] 
Type entitati.Utilizator is not enhanced.

------------------------------------------------------------------------------------------------------------------------

[2016-08-15 17:23:24 #1 store] 
Database 'D:\Fisiere\eclipse\Workspace\BloodyBank\WebContent\WEB-INF\db\BloodyBank.odb' has been recovered (tr. 9-9)

[2016-08-15 17:23:24 #2 store] 
Database 'D:\Fisiere\eclipse\Workspace\BloodyBank\WebContent\WEB-INF\db\BloodyBank.odb' is opened by 7092@lenovo-PC

[2016-08-15 17:23:24 #3 type] 
Type entitati.Centru is not enhanced.

[2016-08-15 17:23:24 #4 type] 
Type entitati.Angajat is not enhanced.

[2016-08-15 17:23:24 #5 type] 
Type entitati.Utilizator is not enhanced.

------------------------------------------------------------------------------------------------------------------------

[2016-08-15 17:24:29 #1 store] 
Database 'D:\Fisiere\eclipse\Workspace\BloodyBank\WebContent\WEB-INF\db\BloodyBank.odb' is opened by 7356@lenovo-PC

[2016-08-15 17:24:29 #2 type] 
Type entitati.Centru is not enhanced.

[2016-08-15 17:24:29 #3 type] 
Type entitati.Angajat is not enhanced.

[2016-08-15 17:24:29 #4 type] 
Type entitati.Utilizator is not enhanced.

------------------------------------------------------------------------------------------------------------------------

[2016-08-15 17:26:34 #1 store] 
Database 'D:\Fisiere\eclipse\Workspace\BloodyBank\WebContent\WEB-INF\db\BloodyBank.odb' is opened by 3336@lenovo-PC

[2016-08-15 17:26:34 #2 type] 
Type entitati.Centru is not enhanced.

[2016-08-15 17:26:34 #3 type] 
Type entitati.Angajat is not enhanced.

[2016-08-15 17:26:34 #4 type] 
Type entitati.Utilizator is not enhanced.

------------------------------------------------------------------------------------------------------------------------

[2016-08-15 17:29:39 #1 store] 
Database 'D:\Fisiere\eclipse\Workspace\BloodyBank\WebContent\WEB-INF\db\BloodyBank.odb' is opened by 260@lenovo-PC

[2016-08-15 17:29:39 #2 type] 
Type entitati.Centru is not enhanced.

[2016-08-15 17:29:39 #3 type] 
Type entitati.Angajat is not enhanced.

[2016-08-15 17:29:39 #4 type] 
Type entitati.Utilizator is not enhanced.

------------------------------------------------------------------------------------------------------------------------

[2016-08-15 17:30:35 #1 store] 
Database 'D:\Fisiere\eclipse\Workspace\BloodyBank\WebContent\WEB-INF\db\BloodyBank.odb' is opened by 7740@lenovo-PC

[2016-08-15 17:30:35 #2 type] 
Type entitati.Centru is not enhanced.

[2016-08-15 17:30:35 #3 type] 
Type entitati.Angajat is not enhanced.

[2016-08-15 17:30:35 #4 type] 
Type entitati.Utilizator is not enhanced.

------------------------------------------------------------------------------------------------------------------------

[2016-08-15 17:35:35 #1 store] 
Database 'D:\Fisiere\eclipse\Workspace\BloodyBank\WebContent\WEB-INF\db\BloodyBank.odb' is opened by 7292@lenovo-PC

[2016-08-15 17:35:35 #2 type] 
Type entitati.Centru is not enhanced.

[2016-08-15 17:35:35 #3 type] 
Type entitati.Angajat is not enhanced.

[2016-08-15 17:35:35 #4 type] 
Type entitati.Utilizator is not enhanced.

------------------------------------------------------------------------------------------------------------------------

[2016-08-15 17:38:38 #1 store] 
Database 'D:\Fisiere\eclipse\Workspace\BloodyBank\WebContent\WEB-INF\db\BloodyBank.odb' is opened by 3368@lenovo-PC

[2016-08-15 17:38:39 #2 type] 
Type entitati.Centru is not enhanced.

[2016-08-15 17:38:39 #3 type] 
Type entitati.Angajat is not enhanced.

[2016-08-15 17:38:39 #4 type] 
Type entitati.Utilizator is not enhanced.

------------------------------------------------------------------------------------------------------------------------

[2016-08-15 17:39:24 #1 store] 
Database 'D:\Fisiere\eclipse\Workspace\BloodyBank\WebContent\WEB-INF\db\BloodyBank.odb' is opened by 3520@lenovo-PC

[2016-08-15 17:39:24 #2 type] 
Type entitati.Centru is not enhanced.

[2016-08-15 17:39:24 #3 type] 
Type entitati.Angajat is not enhanced.

[2016-08-15 17:39:24 #4 type] 
Type entitati.Utilizator is not enhanced.

------------------------------------------------------------------------------------------------------------------------

[2016-08-15 17:42:21 #1 store] 
Database 'D:\Fisiere\eclipse\Workspace\BloodyBank\WebContent\WEB-INF\db\BloodyBank.odb' is opened by 6948@lenovo-PC

[2016-08-15 17:42:21 #2 type] 
Type entitati.Centru is not enhanced.

[2016-08-15 17:42:21 #3 type] 
Type entitati.Angajat is not enhanced.

[2016-08-15 17:42:21 #4 type] 
Type entitati.Utilizator is not enhanced.

------------------------------------------------------------------------------------------------------------------------

[2016-08-15 18:22:48 #1 store] 
Database 'D:\Fisiere\eclipse\Workspace\BloodyBank\WebContent\WEB-INF\db\BloodyBank.odb' is opened by 5280@lenovo-PC

[2016-08-15 18:22:49 #2 type] 
Type entitati.Centru is not enhanced.

[2016-08-15 18:22:49 #3 type] 
Type entitati.Angajat is not enhanced.

[2016-08-15 18:22:49 #4 type] 
Type entitati.Utilizator is not enhanced.

------------------------------------------------------------------------------------------------------------------------

[2016-08-15 18:23:46 #1 store] 
Database 'D:\Fisiere\eclipse\Workspace\BloodyBank\WebContent\WEB-INF\db\BloodyBank.odb' has been recovered (tr. 15-15)

[2016-08-15 18:23:47 #2 store] 
Database 'D:\Fisiere\eclipse\Workspace\BloodyBank\WebContent\WEB-INF\db\BloodyBank.odb' is opened by 5832@lenovo-PC

[2016-08-15 18:23:47 #3 type] 
Type entitati.Centru is not enhanced.

[2016-08-15 18:23:47 #4 type] 
Type entitati.Angajat is not enhanced.

[2016-08-15 18:23:47 #5 type] 
Type entitati.Utilizator is not enhanced.

------------------------------------------------------------------------------------------------------------------------

[2016-08-15 18:24:15 #1 store] 
Database 'D:\Fisiere\eclipse\Workspace\BloodyBank\WebContent\WEB-INF\db\BloodyBank.odb' is opened by 6312@lenovo-PC

[2016-08-15 18:24:15 #2 type] 
Type entitati.Centru is not enhanced.

[2016-08-15 18:24:15 #3 type] 
Type entitati.Angajat is not enhanced.

[2016-08-15 18:24:15 #4 type] 
Type entitati.Utilizator is not enhanced.

------------------------------------------------------------------------------------------------------------------------

[2016-08-15 18:25:27 #1 store] 
Database 'D:\Fisiere\eclipse\Workspace\BloodyBank\WebContent\WEB-INF\db\BloodyBank.odb' is opened by 5732@lenovo-PC

[2016-08-15 18:25:27 #2 type] 
Type entitati.Centru is not enhanced.

[2016-08-15 18:25:27 #3 type] 
Type entitati.Angajat is not enhanced.

[2016-08-15 18:25:27 #4 type] 
Type entitati.Utilizator is not enhanced.

------------------------------------------------------------------------------------------------------------------------

[2016-08-15 18:25:38 #1 store] 
Database 'D:\Fisiere\eclipse\Workspace\BloodyBank\WebContent\WEB-INF\db\BloodyBank.odb' is opened by 6180@lenovo-PC

[2016-08-15 18:25:38 #2 type] 
Type entitati.Centru is not enhanced.

[2016-08-15 18:25:38 #3 type] 
Type entitati.Angajat is not enhanced.

[2016-08-15 18:25:38 #4 type] 
Type entitati.Utilizator is not enhanced.

------------------------------------------------------------------------------------------------------------------------

[2016-08-15 18:33:03 #1 store] 
Database 'D:\Fisiere\eclipse\Workspace\BloodyBank\WebContent\WEB-INF\db\BloodyBank.odb' is opened by 6928@lenovo-PC

[2016-08-15 18:33:03 #2 type] 
Type entitati.Centru is not enhanced.

[2016-08-15 18:33:03 #3 type] 
Type entitati.Angajat is not enhanced.

[2016-08-15 18:33:03 #4 type] 
Type entitati.Utilizator is not enhanced.

